<?xml version="1.0" encoding="UTF-8"?>
<!-- Generated by org.testng.reporters.JUnitReportReporter -->
<testsuite hostname="NODE105" name="RodanFieldsAssertions.RodanAssertionsTest" tests="1" failures="0" timestamp="15 Sep 2016 07:16:16 GMT" time="137.766" errors="0">
  <testcase name="rodanFieldsTest1" time="137.766" classname="RodanFieldsAssertions.RodanAssertionsTest"/>
</testsuite> <!-- RodanFieldsAssertions.RodanAssertionsTest -->
