<?xml version="1.0" encoding="UTF-8"?>
<!-- Generated by org.testng.reporters.JUnitReportReporter -->
<testsuite hostname="NODE105" name="RodanFieldsAssertions.RodanAssertionsTest" tests="1" failures="0" timestamp="15 Sep 2016 07:02:41 GMT" time="150.446" errors="0">
  <testcase name="rodanFieldsTest1" time="150.446" classname="RodanFieldsAssertions.RodanAssertionsTest"/>
</testsuite> <!-- RodanFieldsAssertions.RodanAssertionsTest -->
