<?xml version="1.0" encoding="UTF-8"?>
<!-- Generated by org.testng.reporters.JUnitReportReporter -->
<testsuite hostname="NODE105" name="RodanFieldsAssertions.RodanAssertionsTest" tests="1" failures="0" timestamp="20 Sep 2016 16:09:53 GMT" time="148.108" errors="0">
  <testcase name="rodanFieldsTest1" time="148.108" classname="RodanFieldsAssertions.RodanAssertionsTest"/>
</testsuite> <!-- RodanFieldsAssertions.RodanAssertionsTest -->
